<?xml version="1.0" encoding="UTF-8"?>
<testng-results ignored="0" total="2" passed="2" failed="0" skipped="0">
  <reporter-output>
  </reporter-output>
  <suite started-at="2024-07-18T11:19:33 IST" name="Suite" finished-at="2024-07-18T11:20:34 IST" duration-ms="60997">
    <groups>
    </groups>
    <test started-at="2024-07-18T11:19:33 IST" name="TestWalibo_002" finished-at="2024-07-18T11:20:34 IST" duration-ms="60997">
      <class name="TestScripts.TC_Woliba_Events">
        <test-method is-config="true" signature="setUp(org.testng.ITestContext)[pri:0, instance:TestScripts.TC_Woliba_Events@14028087]" started-at="2024-07-18T11:19:33 IST" name="setUp" finished-at="2024-07-18T11:19:41 IST" duration-ms="7545" status="PASS">
          <params>
            <param index="0">
              <value>
                <![CDATA[org.testng.TestRunner@4b0f2299]]>
              </value>
            </param>
          </params>
          <reporter-output>
          </reporter-output>
        </test-method> <!-- setUp -->
        <test-method signature="Login_With_User()[pri:0, instance:TestScripts.TC_Woliba_Events@14028087]" started-at="2024-07-18T11:19:41 IST" name="Login_With_User" finished-at="2024-07-18T11:19:57 IST" duration-ms="16436" status="PASS">
          <reporter-output>
          </reporter-output>
        </test-method> <!-- Login_With_User -->
        <test-method signature="WolibaEventsTest()[pri:0, instance:TestScripts.TC_Woliba_Events@14028087]" started-at="2024-07-18T11:19:57 IST" name="WolibaEventsTest" finished-at="2024-07-18T11:20:33 IST" depends-on-methods="TestScripts.TC_Walibo_Login_and_HomePage.Login_With_User" duration-ms="36248" status="PASS">
          <reporter-output>
          </reporter-output>
        </test-method> <!-- WolibaEventsTest -->
        <test-method is-config="true" signature="tearDown()[pri:0, instance:TestScripts.TC_Woliba_Events@14028087]" started-at="2024-07-18T11:20:33 IST" name="tearDown" finished-at="2024-07-18T11:20:34 IST" duration-ms="499" status="PASS">
          <reporter-output>
          </reporter-output>
        </test-method> <!-- tearDown -->
      </class> <!-- TestScripts.TC_Woliba_Events -->
    </test> <!-- TestWalibo_002 -->
  </suite> <!-- Suite -->
</testng-results>
